Flow report for hello_world
Tue Sep 22 21:01:53 2020
Quartus Prime Version 20.1.0 Build 711 06/05/2020 SJ Lite Edition


---------------------
; Table of Contents ;
---------------------
  1. Legal Notice
  2. Flow Summary
  3. Flow Settings
  4. Flow Non-Default Global Settings
  5. Flow Elapsed Time
  6. Flow OS Summary
  7. Flow Log
  8. Flow Messages
  9. Flow Suppressed Messages



----------------
; Legal Notice ;
----------------
Copyright (C) 2020  Intel Corporation. All rights reserved.
Your use of Intel Corporation's design tools, logic functions 
and other software and tools, and any partner logic 
functions, and any output files from any of the foregoing 
(including device programming or simulation files), and any 
associated documentation or information are expressly subject 
to the terms and conditions of the Intel Program License 
Subscription Agreement, the Intel Quartus Prime License Agreement,
the Intel FPGA IP License Agreement, or other applicable license
agreement, including, without limitation, that your use is for
the sole purpose of programming logic devices manufactured by
Intel and sold by Intel or its authorized distributors.  Please
refer to the applicable agreement for further details, at
https://fpgasoftware.intel.com/eula.



+----------------------------------------------------------------------------------+
; Flow Summary                                                                     ;
+------------------------------------+---------------------------------------------+
; Flow Status                        ; Successful - Tue Sep 22 21:01:53 2020       ;
; Quartus Prime Version              ; 20.1.0 Build 711 06/05/2020 SJ Lite Edition ;
; Revision Name                      ; hello_world                                 ;
; Top-level Entity Name              ; DE10_LITE_Golden_Top                        ;
; Family                             ; MAX 10                                      ;
; Device                             ; 10M50DAF484C6GES                            ;
; Timing Models                      ; Preliminary                                 ;
; Total logic elements               ; 1,962 / 49,760 ( 4 % )                      ;
;     Total combinational functions  ; 1,806 / 49,760 ( 4 % )                      ;
;     Dedicated logic registers      ; 1,051 / 49,760 ( 2 % )                      ;
; Total registers                    ; 1051                                        ;
; Total pins                         ; 185 / 360 ( 51 % )                          ;
; Total virtual pins                 ; 0                                           ;
; Total memory bits                  ; 811,264 / 1,677,312 ( 48 % )                ;
; Embedded Multiplier 9-bit elements ; 0 / 288 ( 0 % )                             ;
; Total PLLs                         ; 0 / 4 ( 0 % )                               ;
; UFM blocks                         ; 0 / 1 ( 0 % )                               ;
; ADC blocks                         ; 0 / 2 ( 0 % )                               ;
+------------------------------------+---------------------------------------------+


+-----------------------------------------+
; Flow Settings                           ;
+-------------------+---------------------+
; Option            ; Setting             ;
+-------------------+---------------------+
; Start date & time ; 09/22/2020 21:00:17 ;
; Main task         ; Compilation         ;
; Revision Name     ; hello_world         ;
+-------------------+---------------------+


+---------------------------------------------------------------------------------------------------------------------------------------------------------------------------------+
; Flow Non-Default Global Settings                                                                                                                                                ;
+-------------------------------------+----------------------------------------------------------------+---------------+----------------------+-----------------------------------+
; Assignment Name                     ; Value                                                          ; Default Value ; Entity Name          ; Section Id                        ;
+-------------------------------------+----------------------------------------------------------------+---------------+----------------------+-----------------------------------+
; COMPILER_SIGNATURE_ID               ; 190206084543676.160083001708093                                ; --            ; --                   ; --                                ;
; EDA_GENERATE_FUNCTIONAL_NETLIST     ; Off                                                            ; --            ; --                   ; eda_board_design_timing           ;
; EDA_GENERATE_FUNCTIONAL_NETLIST     ; Off                                                            ; --            ; --                   ; eda_board_design_boundary_scan    ;
; EDA_GENERATE_FUNCTIONAL_NETLIST     ; Off                                                            ; --            ; --                   ; eda_board_design_signal_integrity ;
; EDA_GENERATE_FUNCTIONAL_NETLIST     ; Off                                                            ; --            ; --                   ; eda_board_design_symbol           ;
; EDA_OUTPUT_DATA_FORMAT              ; Verilog Hdl                                                    ; --            ; --                   ; eda_simulation                    ;
; EDA_SIMULATION_TOOL                 ; ModelSim-Altera (Verilog)                                      ; <None>        ; --                   ; --                                ;
; EDA_TIME_SCALE                      ; 1 ps                                                           ; --            ; --                   ; eda_simulation                    ;
; MAX_CORE_JUNCTION_TEMP              ; 85                                                             ; --            ; --                   ; --                                ;
; MIN_CORE_JUNCTION_TEMP              ; 0                                                              ; --            ; --                   ; --                                ;
; MISC_FILE                           ; hellow_world/synthesis/../hellow_world.cmp                     ; --            ; --                   ; --                                ;
; MISC_FILE                           ; hellow_world/synthesis/../../hellow_world.qsys                 ; --            ; --                   ; --                                ;
; PARTITION_COLOR                     ; -- (Not supported for targeted family)                         ; --            ; DE10_LITE_Golden_Top ; Top                               ;
; PARTITION_FITTER_PRESERVATION_LEVEL ; -- (Not supported for targeted family)                         ; --            ; DE10_LITE_Golden_Top ; Top                               ;
; PARTITION_NETLIST_TYPE              ; -- (Not supported for targeted family)                         ; --            ; DE10_LITE_Golden_Top ; Top                               ;
; POWER_BOARD_THERMAL_MODEL           ; None (CONSERVATIVE)                                            ; --            ; --                   ; --                                ;
; POWER_PRESET_COOLING_SOLUTION       ; 23 MM HEAT SINK WITH 200 LFPM AIRFLOW                          ; --            ; --                   ; --                                ;
; PROJECT_OUTPUT_DIRECTORY            ; output_files                                                   ; --            ; --                   ; --                                ;
; SLD_FILE                            ; hellow_world/synthesis/hellow_world.regmap                     ; --            ; --                   ; --                                ;
; SLD_FILE                            ; hellow_world/synthesis/hellow_world.debuginfo                  ; --            ; --                   ; --                                ;
; SLD_INFO                            ; QSYS_NAME hellow_world HAS_SOPCINFO 1 GENERATION_ID 1600829185 ; --            ; hellow_world         ; --                                ;
; SOPCINFO_FILE                       ; hellow_world/synthesis/../../hellow_world.sopcinfo             ; --            ; --                   ; --                                ;
; SYNTHESIS_ONLY_QIP                  ; On                                                             ; --            ; --                   ; --                                ;
; TOP_LEVEL_ENTITY                    ; DE10_LITE_Golden_Top                                           ; hello_world   ; --                   ; --                                ;
+-------------------------------------+----------------------------------------------------------------+---------------+----------------------+-----------------------------------+


+--------------------------------------------------------------------------------------------------------------------------+
; Flow Elapsed Time                                                                                                        ;
+----------------------+--------------+-------------------------+---------------------+------------------------------------+
; Module Name          ; Elapsed Time ; Average Processors Used ; Peak Virtual Memory ; Total CPU Time (on all processors) ;
+----------------------+--------------+-------------------------+---------------------+------------------------------------+
; Analysis & Synthesis ; 00:00:36     ; 1.0                     ; 539 MB              ; 00:00:55                           ;
; Fitter               ; 00:00:27     ; 1.2                     ; 1131 MB             ; 00:00:30                           ;
; Assembler            ; 00:00:04     ; 1.0                     ; 373 MB              ; 00:00:03                           ;
; Timing Analyzer      ; 00:00:10     ; 1.3                     ; 546 MB              ; 00:00:09                           ;
; EDA Netlist Writer   ; 00:00:03     ; 1.0                     ; 636 MB              ; 00:00:03                           ;
; Total                ; 00:01:20     ; --                      ; --                  ; 00:01:40                           ;
+----------------------+--------------+-------------------------+---------------------+------------------------------------+


+------------------------------------------------------------------------------------+
; Flow OS Summary                                                                    ;
+----------------------+------------------+------------+------------+----------------+
; Module Name          ; Machine Hostname ; OS Name    ; OS Version ; Processor type ;
+----------------------+------------------+------------+------------+----------------+
; Analysis & Synthesis ; TheBeast         ; Linux Mint ; 20         ; x86_64         ;
; Fitter               ; TheBeast         ; Linux Mint ; 20         ; x86_64         ;
; Assembler            ; TheBeast         ; Linux Mint ; 20         ; x86_64         ;
; Timing Analyzer      ; TheBeast         ; Linux Mint ; 20         ; x86_64         ;
; EDA Netlist Writer   ; TheBeast         ; Linux Mint ; 20         ; x86_64         ;
+----------------------+------------------+------------+------------+----------------+


------------
; Flow Log ;
------------
quartus_map --read_settings_files=on --write_settings_files=off hello_world -c hello_world
quartus_fit --read_settings_files=off --write_settings_files=off hello_world -c hello_world
quartus_asm --read_settings_files=off --write_settings_files=off hello_world -c hello_world
quartus_sta hello_world -c hello_world
quartus_eda --read_settings_files=off --write_settings_files=off hello_world -c hello_world



